This is e-pTeX, Version 3.14159265-p3.6-141210-2.6 (utf8.euc) (TeX Live 2015) (preloaded format=platex 2016.5.30)  19 APR 2017 18:15
entering extended mode
 restricted \write18 enabled.
 file:line:error style messages enabled.
 %&-line parsing enabled.
**_.tex
(./_.tex
pLaTeX2e <2006/11/10> (based on LaTeX2e <2016/03/31> patch level 0)
Babel <3.9q> and hyphenation patterns for 81 language(s) loaded.
./_.tex:1: Undefined control sequence.
l.1 \chapter
            {\thisyrjp（\thisyrad）年度マイワシ対馬暖流系群の資源評価}
? 
./_.tex:1: Emergency stop.
l.1 \chapter
            {\thisyrjp（\thisyrad）年度マイワシ対馬暖流系群の資源評価}
End of file on the terminal!

 
Here is how much of TeX's memory you used:
 4 strings out of 493717
 18 string characters out of 6150720
 53782 words of memory out of 5000000
 3650 multiletter control sequences out of 15000+600000
 7511 words of font info for 31 fonts, out of 8000000 for 9000
 929 hyphenation exceptions out of 8191
 5i,0n,1p,74b,8s stack positions out of 5000i,500n,10000p,200000b,80000s
No pages of output.
