This is e-pTeX, Version 3.14159265-p3.6-141210-2.6 (utf8.euc) (TeX Live 2015) (preloaded format=platex 2016.5.30)  28 APR 2017 13:23
entering extended mode
 restricted \write18 enabled.
 file:line:error style messages enabled.
 %&-line parsing enabled.
**ã^^81éšœ^^81^^88ã^^81^^8bã^^82^^99ã^^81^^8d.tex
(./ã^^81éšœ^^81^^88ã^^81^^8bã^^82^^99ã^^81^^8d.tex
pLaTeX2e <2006/11/10> (based on LaTeX2e <2016/03/31> patch level 0)
Babel <3.9q> and hyphenation patterns for 81 language(s) loaded.
./ãéšœˆã‹ã‚™ã.tex:1: Undefined control sequence.
l.1 \subsection
               {ã¾ãˆãŒã}
? 
./ãéšœˆã‹ã‚™ã.tex:1: Emergency stop.
l.1 \subsection
               {ã¾ãˆãŒã}
End of file on the terminal!

 
Here is how much of TeX's memory you used:
 4 strings out of 493717
 74 string characters out of 6150720
 53782 words of memory out of 5000000
 3650 multiletter control sequences out of 15000+600000
 7511 words of font info for 31 fonts, out of 8000000 for 9000
 929 hyphenation exceptions out of 8191
 5i,0n,1p,43b,8s stack positions out of 5000i,500n,10000p,200000b,80000s
No pages of output.
